[debug] [2022-07-01T17:42:28.661Z] ----------------------------------------------------------------------
[debug] [2022-07-01T17:42:28.663Z] Command:       C:\Program Files\nodejs\node.exe C:\Users\tobyc\AppData\Roaming\npm\node_modules\firebase-tools\lib\bin\firebase.js init
[debug] [2022-07-01T17:42:28.663Z] CLI Version:   11.2.0
[debug] [2022-07-01T17:42:28.663Z] Platform:      win32
[debug] [2022-07-01T17:42:28.664Z] Node Version:  v16.14.0
[debug] [2022-07-01T17:42:28.665Z] Time:          Fri Jul 01 2022 11:42:28 GMT-0600 (Mountain Daylight Time)
[debug] [2022-07-01T17:42:28.665Z] ----------------------------------------------------------------------
[debug] 
[debug] [2022-07-01T17:42:28.673Z] > command requires scopes: ["email","openid","https://www.googleapis.com/auth/cloudplatformprojects.readonly","https://www.googleapis.com/auth/firebase","https://www.googleapis.com/auth/cloud-platform"]
[debug] [2022-07-01T17:42:28.673Z] > authorizing via signed-in user (tobycomon@gmail.com)
[info] 
     ######## #### ########  ######## ########     ###     ######  ########
     ##        ##  ##     ## ##       ##     ##  ##   ##  ##       ##
     ######    ##  ########  ######   ########  #########  ######  ######
     ##        ##  ##    ##  ##       ##     ## ##     ##       ## ##
     ##       #### ##     ## ######## ########  ##     ##  ######  ########

You're about to initialize a Firebase project in this directory:

  C:\Users\tobyc\source\projects\TobyComon

[info] 
=== Project Setup
[info] 
[info] First, let's associate this project directory with a Firebase project.
[info] You can create multiple project aliases by running firebase use --add, 
[info] but for now we'll just set up a default project.
[info] 
[debug] [2022-07-01T17:45:21.364Z] >>> [apiv2][query] GET https://firebase.googleapis.com/v1beta1/projects pageSize=100
[debug] [2022-07-01T17:45:21.799Z] <<< [apiv2][status] GET https://firebase.googleapis.com/v1beta1/projects 200
[debug] [2022-07-01T17:45:21.799Z] <<< [apiv2][body] GET https://firebase.googleapis.com/v1beta1/projects [omitted]
[info] i  Using project tobycomon-e7072 (TobyComon) 
[info] 
=== Hosting Setup
[info] 
[info] Your public directory is the folder (relative to your project directory) that
[info] will contain Hosting assets to be uploaded with firebase deploy. If you
[info] have a build process for your assets, use your build's output directory.
[info] 
[debug] [2022-07-01T17:47:03.132Z] >>> [apiv2][query] GET https://www.gstatic.com/firebasejs/releases.json [none]
[debug] [2022-07-01T17:47:03.297Z] <<< [apiv2][status] GET https://www.gstatic.com/firebasejs/releases.json 200
[debug] [2022-07-01T17:47:03.298Z] <<< [apiv2][body] GET https://www.gstatic.com/firebasejs/releases.json {"current":{"version":"9.8.4","browserURL":"https://www.gstatic.com/firebasejs/9.8.4/firebase.js","packageURL":"https://www.gstatic.com/firebasejs/9.8.4/firebase.tgz"},"live":{"version":"9.8","browserURL":"https://www.gstatic.com/firebasejs/live/9.8/firebase.js","packageURL":"https://www.gstatic.com/firebasejs/live/9.8/firebase.tgz"},"components":{"analytics":"https://www.gstatic.com/firebasejs/9.8.4/firebase-analytics.js","app":"https://www.gstatic.com/firebasejs/9.8.4/firebase-app.js","app-check":"https://www.gstatic.com/firebasejs/9.8.4/firebase-app-check.js","auth":"https://www.gstatic.com/firebasejs/9.8.4/firebase-auth.js","auth/cordova":"https://www.gstatic.com/firebasejs/9.8.4/firebase-auth/cordova.js","auth/react-native":"https://www.gstatic.com/firebasejs/9.8.4/firebase-auth/react-native.js","functions":"https://www.gstatic.com/firebasejs/9.8.4/firebase-functions.js","firestore":"https://www.gstatic.com/firebasejs/9.8.4/firebase-firestore.js","firestore/lite":"https://www.gstatic.com/firebasejs/9.8.4/firebase-firestore/lite.js","storage":"https://www.gstatic.com/firebasejs/9.8.4/firebase-storage.js","performance":"https://www.gstatic.com/firebasejs/9.8.4/firebase-performance.js","remote-config":"https://www.gstatic.com/firebasejs/9.8.4/firebase-remote-config.js","messaging":"https://www.gstatic.com/firebasejs/9.8.4/firebase-messaging.js","messaging/sw":"https://www.gstatic.com/firebasejs/9.8.4/firebase-messaging/sw.js","database":"https://www.gstatic.com/firebasejs/9.8.4/firebase-database.js","firestore.memory":"https://www.gstatic.com/firebasejs/9.8.4/firebase-firestore.memory.js"}}
[info] +  Wrote public/index.html 
[info] 
[info] i  Didn't detect a .git folder. Assuming C:\Users\tobyc\source\projects\TobyComon is the project root. 
[info] i  Authorizing with GitHub to upload your service account to a GitHub repository's secrets store. 
[info] 
[info] Visit this URL on this device to log in:
[info] https://github.com/login/oauth/authorize?client_id=89cf50f02ac6aaed3484&state=945761944&redirect_uri=http%3A%2F%2Flocalhost%3A9005&scope=read%3Auser%20repo%20public_repo
[info] 
[info] Waiting for authentication...
[debug] [2022-07-01T17:47:13.453Z] >>> [apiv2][query] POST https://github.com/login/oauth/access_token [none]
[debug] [2022-07-01T17:47:13.453Z] >>> [apiv2][body] POST https://github.com/login/oauth/access_token [stream]
[debug] [2022-07-01T17:47:13.773Z] <<< [apiv2][status] POST https://github.com/login/oauth/access_token 200
[debug] [2022-07-01T17:47:13.774Z] <<< [apiv2][body] POST https://github.com/login/oauth/access_token {"access_token":"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","token_type":"bearer","scope":"read:user,repo"}
[debug] [2022-07-01T17:47:13.776Z] >>> [apiv2][query] GET https://api.github.com/user [none]
[debug] [2022-07-01T17:47:14.076Z] <<< [apiv2][status] GET https://api.github.com/user 200
[debug] [2022-07-01T17:47:14.076Z] <<< [apiv2][body] GET https://api.github.com/user {"login":"TobyComon","id":100543653,"node_id":"U_kgDOBf4spQ","avatar_url":"https://avatars.githubusercontent.com/u/100543653?v=4","gravatar_id":"","url":"https://api.github.com/users/TobyComon","html_url":"https://github.com/TobyComon","followers_url":"https://api.github.com/users/TobyComon/followers","following_url":"https://api.github.com/users/TobyComon/following{/other_user}","gists_url":"https://api.github.com/users/TobyComon/gists{/gist_id}","starred_url":"https://api.github.com/users/TobyComon/starred{/owner}{/repo}","subscriptions_url":"https://api.github.com/users/TobyComon/subscriptions","organizations_url":"https://api.github.com/users/TobyComon/orgs","repos_url":"https://api.github.com/users/TobyComon/repos","events_url":"https://api.github.com/users/TobyComon/events{/privacy}","received_events_url":"https://api.github.com/users/TobyComon/received_events","type":"User","site_admin":false,"name":"Toby Comõn","company":null,"blog":"","location":null,"email":null,"hireable":null,"bio":null,"twitter_username":null,"public_repos":45,"public_gists":0,"followers":2,"following":1,"created_at":"2022-02-28T00:47:56Z","updated_at":"2022-06-30T02:08:48Z","private_gists":0,"total_private_repos":3,"owned_private_repos":2,"disk_usage":14519,"collaborators":0,"two_factor_authentication":false,"plan":{"name":"free","space":976562499,"collaborators":0,"private_repos":10000}}
[info] 
[info] +  Success! Logged into GitHub as TobyComon 
[info] 
[debug] [2022-07-01T17:49:02.346Z] >>> [apiv2][query] GET https://api.github.com/repos/tobycomon/Toby-Comon/actions/secrets/public-key type=owner
[debug] [2022-07-01T17:49:02.585Z] <<< [apiv2][status] GET https://api.github.com/repos/tobycomon/Toby-Comon/actions/secrets/public-key 401
[debug] [2022-07-01T17:49:02.586Z] <<< [apiv2][body] GET https://api.github.com/repos/tobycomon/Toby-Comon/actions/secrets/public-key {"message":"Bad credentials","documentation_url":"https://docs.github.com/rest"}
[debug] [2022-07-01T17:49:21.123Z] >>> [apiv2][query] GET https://api.github.com/repos/tobycomon/Toby-Comon/actions/secrets/public-key type=owner
[debug] [2022-07-01T17:49:21.338Z] <<< [apiv2][status] GET https://api.github.com/repos/tobycomon/Toby-Comon/actions/secrets/public-key 401
[debug] [2022-07-01T17:49:21.339Z] <<< [apiv2][body] GET https://api.github.com/repos/tobycomon/Toby-Comon/actions/secrets/public-key {"message":"Bad credentials","documentation_url":"https://docs.github.com/rest"}
[debug] [2022-07-01T17:49:37.165Z] >>> [apiv2][query] GET https://api.github.com/repos/TobyComon/Toby-Comon/actions/secrets/public-key type=owner
[debug] [2022-07-01T17:49:37.361Z] <<< [apiv2][status] GET https://api.github.com/repos/TobyComon/Toby-Comon/actions/secrets/public-key 401
[debug] [2022-07-01T17:49:37.361Z] <<< [apiv2][body] GET https://api.github.com/repos/TobyComon/Toby-Comon/actions/secrets/public-key {"message":"Bad credentials","documentation_url":"https://docs.github.com/rest"}
[debug] [2022-07-01T17:51:14.263Z] >>> [apiv2][query] GET https://api.github.com/repos/TobyComon/Toby-Comon/actions/secrets/public-key type=owner
[debug] [2022-07-01T17:51:14.497Z] <<< [apiv2][status] GET https://api.github.com/repos/TobyComon/Toby-Comon/actions/secrets/public-key 401
[debug] [2022-07-01T17:51:14.497Z] <<< [apiv2][body] GET https://api.github.com/repos/TobyComon/Toby-Comon/actions/secrets/public-key {"message":"Bad credentials","documentation_url":"https://docs.github.com/rest"}
[debug] [2022-07-01T17:51:15.062Z] >>> [apiv2][query] GET https://api.github.com/repos/TobyComon/Toby-Comon/actions/secrets/public-key type=owner
[debug] [2022-07-01T17:51:15.258Z] <<< [apiv2][status] GET https://api.github.com/repos/TobyComon/Toby-Comon/actions/secrets/public-key 401
[debug] [2022-07-01T17:51:15.258Z] <<< [apiv2][body] GET https://api.github.com/repos/TobyComon/Toby-Comon/actions/secrets/public-key {"message":"Bad credentials","documentation_url":"https://docs.github.com/rest"}
[debug] [2022-07-01T17:51:15.460Z] >>> [apiv2][query] GET https://api.github.com/repos/TobyComon/Toby-Comon/actions/secrets/public-key type=owner
[debug] [2022-07-01T17:51:15.546Z] >>> [apiv2][query] GET https://api.github.com/repos//actions/secrets/public-key type=owner
[debug] [2022-07-01T17:51:15.681Z] <<< [apiv2][status] GET https://api.github.com/repos/TobyComon/Toby-Comon/actions/secrets/public-key 401
[debug] [2022-07-01T17:51:15.682Z] <<< [apiv2][body] GET https://api.github.com/repos/TobyComon/Toby-Comon/actions/secrets/public-key {"message":"Bad credentials","documentation_url":"https://docs.github.com/rest"}
[debug] [2022-07-01T17:51:15.744Z] <<< [apiv2][status] GET https://api.github.com/repos//actions/secrets/public-key 401
[debug] [2022-07-01T17:51:15.744Z] <<< [apiv2][body] GET https://api.github.com/repos//actions/secrets/public-key {"message":"Bad credentials","documentation_url":"https://docs.github.com/rest"}
